<?xml version="1.0" ?>
<testsuite errors="1" failures="0" name="ChopsFE-20180706144235" tests="1" time="27.696">
	<testcase classname="ChopsFE" name="test_front_end" time="27.696">
		<error message="'07/05/2018' != '07/06/2018'
- 07/05/2018
?     ^
+ 07/06/2018
?     ^
" type="AssertionError">
<![CDATA[Traceback (most recent call last):
  File "C:/Users/SC057441/Desktop/Any/pythonscripts/tokka/yamlgenerator/Requests/Final_Suite/Tests/sample.py", line 68, in test_front_end
    self.assertEqual(self.date_today[0],self.today.strftime("%m/%d/%Y"))
AssertionError: '07/05/2018' != '07/06/2018'
- 07/05/2018
?     ^
+ 07/06/2018
?     ^

]]>		</error>
	</testcase>
	<system-out>
<![CDATA[]]>	</system-out>
	<system-err>
<![CDATA[]]>	</system-err>
</testsuite>
